[2025-05-05 16:36:59 +0300] [6190] [INFO] Starting gunicorn 21.2.0
[2025-05-05 16:36:59 +0300] [6190] [INFO] Listening at: http://[::]:8793 (6190)
[2025-05-05 16:36:59 +0300] [6190] [INFO] Using worker: sync
[2025-05-05 16:36:59 +0300] [6191] [INFO] Booting worker with pid: 6191
[2025-05-05 16:36:59 +0300] [6193] [INFO] Booting worker with pid: 6193
[2025-05-05 20:18:32 +0300] [6190] [CRITICAL] WORKER TIMEOUT (pid:6191)
[2025-05-05 20:18:33 +0300] [6190] [CRITICAL] WORKER TIMEOUT (pid:6193)
[2025-05-05 20:18:33 +0300] [6191] [INFO] Worker exiting (pid: 6191)
[2025-05-05 20:18:32 +0300] [6193] [INFO] Worker exiting (pid: 6193)
[2025-05-05 20:18:32 +0300] [6190] [ERROR] Worker (pid:6191) exited with code 1
[2025-05-05 20:18:32 +0300] [6190] [ERROR] Worker (pid:6191) exited with code 1.
[2025-05-05 20:18:32 +0300] [6190] [ERROR] Worker (pid:6193) exited with code 1
[2025-05-05 20:18:32 +0300] [6190] [ERROR] Worker (pid:6193) exited with code 1.
[2025-05-05 20:18:34 +0300] [13532] [INFO] Booting worker with pid: 13532
[2025-05-05 20:18:34 +0300] [13531] [INFO] Booting worker with pid: 13531
[2025-05-06 09:51:26 +0300] [6190] [CRITICAL] WORKER TIMEOUT (pid:13531)
[2025-05-06 09:51:26 +0300] [13531] [INFO] Worker exiting (pid: 13531)
[2025-05-06 09:51:26 +0300] [6190] [ERROR] Worker (pid:13531) exited with code 1
[2025-05-06 09:51:26 +0300] [6190] [ERROR] Worker (pid:13531) exited with code 1.
[2025-05-06 09:51:26 +0300] [6190] [CRITICAL] WORKER TIMEOUT (pid:13532)
[2025-05-06 09:51:26 +0300] [14933] [INFO] Booting worker with pid: 14933
[2025-05-06 09:51:27 +0300] [6190] [ERROR] Worker (pid:13532) was sent SIGKILL! Perhaps out of memory?
[2025-05-06 09:51:28 +0300] [14937] [INFO] Booting worker with pid: 14937
